_______________ coverage: platform win32, python 3.13.9-final-0 _______________

Name                      Stmts   Miss Branch BrPart  Cover   Missing
---------------------------------------------------------------------
liteseries\_handlers.py     181     14     48      5    91%   51-55, 71-72, 159-167, 249->304, 268
liteseries\_util.py          90      5     26      4    92%   25, 40, 72, 78, 93
---------------------------------------------------------------------
TOTAL                       333     19     88      9    93%

2 files skipped due to complete coverage.
============ 19 passed, 1 skipped, 1 xfailed, 2 warnings in 1.96s =============
