_______________ coverage: platform win32, python 3.13.9-final-0 _______________

Name                      Stmts   Miss Branch BrPart  Cover   Missing
---------------------------------------------------------------------
liteseries\_handlers.py     171      3     46      2    98%   65-66, 253
liteseries\_util.py          70      4     18      3    92%   24, 39, 47, 66
---------------------------------------------------------------------
TOTAL                       297      7     78      5    97%

2 files skipped due to complete coverage.
================== 14 passed, 1 xfailed, 6 warnings in 3.65s ==================
